<?xml version="1.0" encoding="UTF-8"?>
<!-- Generated by org.testng.reporters.JUnitReportReporter -->
<testsuite hostname="DESKTOP-6V7PLPG" failures="0" tests="2" name="Academy.HomePage" time="19.670" errors="0" timestamp="2020-10-10T13:00:25 IST" skipped="0">
  <testcase classname="Academy.HomePage" name="basePageNavigation" time="8.442"/>
  <system-out/>
  <testcase classname="Academy.HomePage" name="basePageNavigation" time="11.228"/>
  <system-out/>
</testsuite> <!-- Academy.HomePage -->
