<?xml version="1.0" encoding="UTF-8"?>
<!-- Generated by org.testng.reporters.JUnitReportReporter -->
<testsuite hostname="DESKTOP-6V7PLPG" failures="0" tests="1" name="Academy.validateNavBar" time="2.641" errors="0" timestamp="2020-10-10T13:00:25 IST" skipped="0">
  <testcase classname="Academy.validateNavBar" name="validatePageNavigation" time="2.641"/>
  <system-out/>
</testsuite> <!-- Academy.validateNavBar -->
