<?xml version="1.0" encoding="UTF-8"?>
<!-- Generated by org.testng.reporters.JUnitReportReporter -->
<testsuite hostname="DESKTOP-6V7PLPG" failures="0" tests="2" name="Academy.validateTitle" time="0.276" errors="0" timestamp="2020-10-10T13:00:25 IST" skipped="0">
  <testcase classname="Academy.validateTitle" name="validateHeader" time="0.200"/>
  <system-out/>
  <testcase classname="Academy.validateTitle" name="validatePageTitle" time="0.076"/>
  <system-out/>
</testsuite> <!-- Academy.validateTitle -->
